<?xml version="1.0" encoding="UTF-8" standalone="no"?>
<testsuite failures="0" name="cucumber.runtime.formatter.JUnitFormatter" skipped="0" tests="1" time="11.511369">
    <testcase classname="Test Sonar Gherkin Login Page" name="Login with valid credentials" time="11.511369">
        <system-out>
            <![CDATA[Given Browser is Open.......................................................passed
And user is on Google home page.............................................passed
]]>
        </system-out>
    </testcase>
</testsuite>
